<?xml version="1.0" encoding="UTF-8"?>
<!-- Generated by org.testng.reporters.JUnitReportReporter -->
<testsuite hostname="USBLRRAGHVR1" failures="0" tests="1" name="com.SeleniumV4.Practice.PrintWebPageAsPDF" time="6.178" errors="0" timestamp="2023-04-04T18:00:04 IST" skipped="0">
  <testcase classname="com.SeleniumV4.Practice.PrintWebPageAsPDF" name="saveWebPageAsPDF" time="6.178"/>
  <system-out/>
</testsuite> <!-- com.SeleniumV4.Practice.PrintWebPageAsPDF -->
