<?xml version="1.0" encoding="UTF-8"?>
<!-- Generated by org.testng.reporters.JUnitReportReporter -->
<testsuite hostname="USBLRRAGHVR1" failures="0" tests="1" name="com.SeleniumV4.Practice.LoginPageRahulShetty" time="11.429" errors="0" timestamp="2023-02-15T19:05:25 IST" skipped="0">
  <testcase classname="com.SeleniumV4.Practice.LoginPageRahulShetty" name="testLoginPage" time="11.429"/>
  <system-out/>
</testsuite> <!-- com.SeleniumV4.Practice.LoginPageRahulShetty -->
