<?xml version="1.0" encoding="UTF-8"?>
<!-- Generated by org.testng.reporters.JUnitReportReporter -->
<testsuite hostname="USBLRRAGHVR1" failures="0" tests="1" name="com.SeleniumV4.Practice.RelativeLocatorsPractice" time="7.241" errors="0" timestamp="2023-02-15T16:17:31 IST" skipped="0">
  <testcase classname="com.SeleniumV4.Practice.RelativeLocatorsPractice" name="newRelativeLocators" time="7.241"/>
  <system-out/>
</testsuite> <!-- com.SeleniumV4.Practice.RelativeLocatorsPractice -->
