<?xml version="1.0" encoding="UTF-8"?>
<!-- Generated by org.testng.reporters.JUnitReportReporter -->
<testsuite hostname="USBLRRAGHVR1" failures="0" tests="1" name="com.SeleniumV4.Practice.AutoIT" time="13.017" errors="0" timestamp="2023-03-30T22:44:14 IST" skipped="0">
  <testcase classname="com.SeleniumV4.Practice.AutoIT" name="fileDownloadWithSpecificDirectoryAndVerify" time="13.017"/>
  <system-out/>
</testsuite> <!-- com.SeleniumV4.Practice.AutoIT -->
