<?xml version="1.0" encoding="UTF-8"?>
<!-- Generated by org.testng.reporters.JUnitReportReporter -->
<testsuite hostname="USBLRRAGHVR1" failures="0" tests="1" name="com.SeleniumV4.Practice.HandlingShadowRoot" time="5.723" errors="0" timestamp="2023-04-11T18:18:05 IST" skipped="0">
  <testcase classname="com.SeleniumV4.Practice.HandlingShadowRoot" name="shadowRootPractice" time="5.723"/>
  <system-out/>
</testsuite> <!-- com.SeleniumV4.Practice.HandlingShadowRoot -->
