<?xml version="1.0" encoding="UTF-8"?>
<!-- Generated by org.testng.reporters.JUnitReportReporter -->
<testsuite hostname="USBLRRAGHVR1" failures="0" tests="1" name="com.SeleniumV4.Practice.MultipleTabAndMultipleWindowPractice" time="8.503" errors="0" timestamp="2023-02-15T17:50:19 IST" skipped="0">
  <testcase classname="com.SeleniumV4.Practice.MultipleTabAndMultipleWindowPractice" name="nestedFramesExercise" time="8.503"/>
  <system-out/>
</testsuite> <!-- com.SeleniumV4.Practice.MultipleTabAndMultipleWindowPractice -->
